<?xml version="1.0" encoding="UTF-8"?>
<testsuites name="LoanFlow Tests | Origin E2E Regression" tests="17" time="0.029">
  <testsuite name="SJP-2 | Change Order API Test / Setup - Create Loan" id="b2c94a7a-c299-4b65-a1bb-f9326934e45f" timestamp="2025-12-15T21:18:42.086Z" tests="3" failures="0" errors="0" time="0.006">
    <testcase name="Loan created successfully" time="0.006" classname="Sjp2ChangeOrderApiTestSetupCreateLoan"/>
    <testcase name="Loan has ACTIVE status" time="0.006" classname="Sjp2ChangeOrderApiTestSetupCreateLoan"/>
    <testcase name="Loan ID is generated" time="0.006" classname="Sjp2ChangeOrderApiTestSetupCreateLoan"/>
  </testsuite>
  <testsuite name="SJP-2 | Change Order API Test / Submit Change Order" id="6fbde53e-0d56-4ca5-a080-2b0de19d35db" timestamp="2025-12-15T21:18:42.086Z" tests="5" failures="0" errors="0" time="0.001">
    <testcase name="Change order submitted successfully" time="0.001" classname="Sjp2ChangeOrderApiTestSubmitChangeOrder"/>
    <testcase name="Loan amount is updated" time="0.001" classname="Sjp2ChangeOrderApiTestSubmitChangeOrder"/>
    <testcase name="Change order is recorded" time="0.001" classname="Sjp2ChangeOrderApiTestSubmitChangeOrder"/>
    <testcase name="Last change order timestamp is set" time="0.001" classname="Sjp2ChangeOrderApiTestSubmitChangeOrder"/>
    <testcase name="Change order contains previous and new amount" time="0.001" classname="Sjp2ChangeOrderApiTestSubmitChangeOrder"/>
  </testsuite>
  <testsuite name="SJP-2 | Change Order API Test / Verify - Get Updated Loan" id="950cc6e8-1d21-4390-a9e1-a25d99b25d18" timestamp="2025-12-15T21:18:42.086Z" tests="3" failures="0" errors="0" time="0.001">
    <testcase name="Loan retrieved successfully" time="0.001" classname="Sjp2ChangeOrderApiTestVerifyGetUpdatedLoan"/>
    <testcase name="Loan reflects updated amount" time="0.001" classname="Sjp2ChangeOrderApiTestVerifyGetUpdatedLoan"/>
    <testcase name="Loan status remains ACTIVE" time="0.001" classname="Sjp2ChangeOrderApiTestVerifyGetUpdatedLoan"/>
  </testsuite>
  <testsuite name="SJP-3 | Cancel Loan API Test / Setup - Create Loan" id="c62f482e-3211-4ad1-83fd-dea37f027c3e" timestamp="2025-12-15T21:18:42.086Z" tests="1" failures="0" errors="0" time="0.001">
    <testcase name="Loan created successfully" time="0.001" classname="Sjp3CancelLoanApiTestSetupCreateLoan"/>
  </testsuite>
  <testsuite name="SJP-3 | Cancel Loan API Test / Cancel Loan" id="68b82c27-7ad7-4690-b87e-b15e992ec170" timestamp="2025-12-15T21:18:42.086Z" tests="4" failures="0" errors="0" time="0.003">
    <testcase name="Loan cancelled successfully" time="0.003" classname="Sjp3CancelLoanApiTestCancelLoan"/>
    <testcase name="Status is CANCELLED" time="0.003" classname="Sjp3CancelLoanApiTestCancelLoan"/>
    <testcase name="Cancel reason is recorded" time="0.003" classname="Sjp3CancelLoanApiTestCancelLoan"/>
    <testcase name="Cancelled timestamp is set" time="0.003" classname="Sjp3CancelLoanApiTestCancelLoan"/>
  </testsuite>
  <testsuite name="SJP-3 | Cancel Loan API Test / Verify - Cannot Cancel Again (409)" id="f5774c18-952d-4d84-b3c8-69fdc1532062" timestamp="2025-12-15T21:18:42.086Z" tests="2" failures="0" errors="0" time="0.002">
    <testcase name="Returns 409 Conflict" time="0.002" classname="Sjp3CancelLoanApiTestVerifyCannotCancelAgain409"/>
    <testcase name="Error message indicates already cancelled" time="0.002" classname="Sjp3CancelLoanApiTestVerifyCannotCancelAgain409"/>
  </testsuite>
  <testsuite name="SJP-3 | Cancel Loan API Test / Verify - Cannot Change Order on Cancelled (409)" id="6109ba9e-3530-4b1c-8946-e9e92214e4e5" timestamp="2025-12-15T21:18:42.086Z" tests="2" failures="0" errors="0" time="0.001">
    <testcase name="Returns 409 Conflict" time="0.001" classname="Sjp3CancelLoanApiTestVerifyCannotChangeOrderOnCancelled409"/>
    <testcase name="Error message indicates status must be ACTIVE" time="0.001" classname="Sjp3CancelLoanApiTestVerifyCannotChangeOrderOnCancelled409"/>
  </testsuite>
  <testsuite name="SJP-4 | Contract Review - CPC Rejected API Test / Setup - Create Loan" id="e5bd82e1-ba52-47d4-9e8b-b8a63825ce57" timestamp="2025-12-15T21:18:42.086Z" tests="1" failures="0" errors="0" time="0.002">
    <testcase name="Loan created successfully" time="0.002" classname="Sjp4ContractReviewCpcRejectedApiTestSetupCreateLoan"/>
  </testsuite>
  <testsuite name="SJP-4 | Contract Review - CPC Rejected API Test / Submit Contract Review - REJECTED" id="0ff0ae85-46d1-481e-b085-d310f3eb2dfd" timestamp="2025-12-15T21:18:42.086Z" tests="5" failures="0" errors="0" time="0.003">
    <testcase name="Contract review submitted successfully" time="0.003" classname="Sjp4ContractReviewCpcRejectedApiTestSubmitContractReviewRejected"/>
    <testcase name="Status is CPC_REJECTED" time="0.003" classname="Sjp4ContractReviewCpcRejectedApiTestSubmitContractReviewRejected"/>
    <testcase name="Contract review decision is REJECTED" time="0.003" classname="Sjp4ContractReviewCpcRejectedApiTestSubmitContractReviewRejected"/>
    <testcase name="Contract review notes are recorded" time="0.003" classname="Sjp4ContractReviewCpcRejectedApiTestSubmitContractReviewRejected"/>
    <testcase name="Contract review timestamp is set" time="0.003" classname="Sjp4ContractReviewCpcRejectedApiTestSubmitContractReviewRejected"/>
  </testsuite>
  <testsuite name="SJP-4 | Contract Review - CPC Rejected API Test / Verify - Loan Status is CPC_REJECTED" id="bb636bbc-97c9-4a11-8df3-16e174f0fc16" timestamp="2025-12-15T21:18:42.086Z" tests="3" failures="0" errors="0" time="0.001">
    <testcase name="Loan retrieved successfully" time="0.001" classname="Sjp4ContractReviewCpcRejectedApiTestVerifyLoanStatusIsCpcRejected"/>
    <testcase name="Status remains CPC_REJECTED" time="0.001" classname="Sjp4ContractReviewCpcRejectedApiTestVerifyLoanStatusIsCpcRejected"/>
    <testcase name="Contract review is persisted" time="0.001" classname="Sjp4ContractReviewCpcRejectedApiTestVerifyLoanStatusIsCpcRejected"/>
  </testsuite>
  <testsuite name="SJP-4 | Contract Review - CPC Rejected API Test / Verify - Cannot Cancel CPC_REJECTED Loan (409)" id="8f3bc8e6-7c55-4c81-a479-325811021577" timestamp="2025-12-15T21:18:42.086Z" tests="2" failures="0" errors="0" time="0.001">
    <testcase name="Returns 409 Conflict" time="0.001" classname="Sjp4ContractReviewCpcRejectedApiTestVerifyCannotCancelCpcRejectedLoan409"/>
    <testcase name="Error indicates status must be ACTIVE" time="0.001" classname="Sjp4ContractReviewCpcRejectedApiTestVerifyCannotCancelCpcRejectedLoan409"/>
  </testsuite>
  <testsuite name="SJP-5 | Submit Project Info API Test / Setup - Create Loan for Project" id="a3cf859f-97a4-4e04-b84a-45eb5c0fdf88" timestamp="2025-12-15T21:18:42.086Z" tests="1" failures="0" errors="0" time="0.002">
    <testcase name="Loan created successfully" time="0.002" classname="Sjp5SubmitProjectInfoApiTestSetupCreateLoanForProject"/>
  </testsuite>
  <testsuite name="SJP-5 | Submit Project Info API Test / Submit Project Info" id="6b74c434-136f-4f41-8ba9-982fe10b1cec" timestamp="2025-12-15T21:18:42.086Z" tests="6" failures="0" errors="0" time="0.002">
    <testcase name="Project created successfully" time="0.002" classname="Sjp5SubmitProjectInfoApiTestSubmitProjectInfo"/>
    <testcase name="Project ID is generated" time="0.002" classname="Sjp5SubmitProjectInfoApiTestSubmitProjectInfo"/>
    <testcase name="Project is linked to loan" time="0.002" classname="Sjp5SubmitProjectInfoApiTestSubmitProjectInfo"/>
    <testcase name="Project name is set correctly" time="0.002" classname="Sjp5SubmitProjectInfoApiTestSubmitProjectInfo"/>
    <testcase name="TPO info is stored" time="0.002" classname="Sjp5SubmitProjectInfoApiTestSubmitProjectInfo"/>
    <testcase name="Created timestamp is set" time="0.002" classname="Sjp5SubmitProjectInfoApiTestSubmitProjectInfo"/>
  </testsuite>
  <testsuite name="SJP-5 | Submit Project Info API Test / Verify - Project Not Found for Invalid Loan (404)" id="eb839be3-871a-47ef-baf0-e6019477ee43" timestamp="2025-12-15T21:18:42.086Z" tests="2" failures="0" errors="0" time="0.001">
    <testcase name="Returns 404 Not Found" time="0.001" classname="Sjp5SubmitProjectInfoApiTestVerifyProjectNotFoundForInvalidLoan404"/>
    <testcase name="Error message indicates loan not found" time="0.001" classname="Sjp5SubmitProjectInfoApiTestVerifyProjectNotFoundForInvalidLoan404"/>
  </testsuite>
  <testsuite name="SJP-6 | Verify Project Info (TPO) API Test / Get Project by ID" id="a7c6efd3-2af4-454f-adf8-d1075f0104d5" timestamp="2025-12-15T21:18:42.086Z" tests="7" failures="0" errors="0" time="0.001">
    <testcase name="Project retrieved successfully" time="0.001" classname="Sjp6VerifyProjectInfoTpoApiTestGetProjectById"/>
    <testcase name="Project ID matches request" time="0.001" classname="Sjp6VerifyProjectInfoTpoApiTestGetProjectById"/>
    <testcase name="TPO company name is correct" time="0.001" classname="Sjp6VerifyProjectInfoTpoApiTestGetProjectById"/>
    <testcase name="TPO contact name is correct" time="0.001" classname="Sjp6VerifyProjectInfoTpoApiTestGetProjectById"/>
    <testcase name="TPO email is correct" time="0.001" classname="Sjp6VerifyProjectInfoTpoApiTestGetProjectById"/>
    <testcase name="TPO license number is correct" time="0.001" classname="Sjp6VerifyProjectInfoTpoApiTestGetProjectById"/>
    <testcase name="Project is linked to correct loan" time="0.001" classname="Sjp6VerifyProjectInfoTpoApiTestGetProjectById"/>
  </testsuite>
  <testsuite name="SJP-6 | Verify Project Info (TPO) API Test / Verify - Project Not Found (404)" id="4db65fc4-535e-4c31-adff-2cb9d82fd07e" timestamp="2025-12-15T21:18:42.086Z" tests="2" failures="0" errors="0" time="0.000">
    <testcase name="Returns 404 Not Found" time="0.000" classname="Sjp6VerifyProjectInfoTpoApiTestVerifyProjectNotFound404"/>
    <testcase name="Error message indicates project not found" time="0.000" classname="Sjp6VerifyProjectInfoTpoApiTestVerifyProjectNotFound404"/>
  </testsuite>
  <testsuite name="SJP-6 | Verify Project Info (TPO) API Test / Verify - List Projects by Loan" id="e126a773-8719-45fb-82f8-a752d72e96ba" timestamp="2025-12-15T21:18:42.086Z" tests="4" failures="0" errors="0" time="0.001">
    <testcase name="Projects retrieved successfully" time="0.001" classname="Sjp6VerifyProjectInfoTpoApiTestVerifyListProjectsByLoan"/>
    <testcase name="Response contains projects array" time="0.001" classname="Sjp6VerifyProjectInfoTpoApiTestVerifyListProjectsByLoan"/>
    <testcase name="At least one project exists for loan" time="0.001" classname="Sjp6VerifyProjectInfoTpoApiTestVerifyListProjectsByLoan"/>
    <testcase name="Projects belong to the correct loan" time="0.001" classname="Sjp6VerifyProjectInfoTpoApiTestVerifyListProjectsByLoan"/>
  </testsuite>
</testsuites>